[   .0000] Iitliing grp subs cuset[   0.000] Iniiazig cgoususys cp
   00000 Iitiazig grou ssy cpucc
[    00000] nuversion 4.40-6-enerc uidd@lgw01-a64023)(g vrsio 54. 20106 (buu .4.06unt1~16.04.) #140buu SMP onFe 12 1::4 UTC 218Ubntu 4.116.40enric .48)
[  00000] RNELsuportd cpus:
    0000]   IntelenuineInte
   0.000000]   AMD AuthenticAMD
[  0000000]   NS Gde by NSC
[  0.00000]  CixCyrixInstead
[    0.000000]   Cntaur CentaurHauls
[   0.000000]   Transmeta GenneMx86
[    0.000000]   Transmeta TransmetaCPU
[   0.0000]  MCMC U UC
[  00000] 6/pu:stae_offse[2  76, sttesize[2: 256[   0.0000 x6/fp: upporting SAVEeaure x0 'x87 oaing in reisrs
[  00000 x6/fp SpporngSAVEeare 02:'SE reisrs
[   00000]86/fu:uppoin XSAE featre 004'AVXregsters'
[   0.00000 x86pu: Eabled xstate featuesx7, contxtize is 832byt, sing taard'foat.
[   0000] 6/fpu: Using 'lazy' FPU onxt stces.
[    0.0000]e82: BIOS-rode phyic RM ma:
[   0.000000]IO-e820: [mem 0x0000000000000000-0x000000000009fbff] uabe
[   0000] IOS-e80:[mm 0x00000009fc-00000000009ff] esve
[  00000] IO-e82 [em 00000000000-0x0000000fff]reserved
[    0.00000 BS-e8: em 000000001000-000000003effff]sale
  0.00000]BIS-e820: [me 00000003fff00-00000003ffff] PIata
[  000000 BS-820:[m 0000000c00000x000000f00ffrerved
[    00000] IOS-82: [mm x00000fe00000x00000f00ff] seved   00000 BIOS-e8: em 000000ff0000-000000ffffffreerved   0.0000 NX xete Dab) protectonactive
[    .0000] SMBI 25 present.
[    0.000000] Hypervisor detected: KVM
[    0.000000] e820: last_pfn = 0x3fff0 max_arch_pfn = 0x1000000
[    0.000000] MTRR: Disabled
[    0.000000] x86/PAT: MTRRs disabled, skipping PAT initialization too.
[    0.000000] CPU MTRRs all blank - virtualizedsystem.
[    0.000000] x86/PAT: Configuration [0-7]: WB  T  UCUC WB  W  - C      .000] fondMPMP-tblat[mem0x00fff0-0x000ff] mapeat[c00ff]
[   0.00000Scannig arasfo l memy rrupio
[   0.000] AMIS: em 06a8000x3563ff]
[  0.0000 APIEay table hesu vericion saed
   000000 API RS 0x0000000E000 002 (v02BO )

[  00000]ACI: XDTx0000003F030 0003C(v01BO   VBOXXSDT 00001 A  00001)[   0.000] APIFACP 0x00000000FF0F0 0000F4 (v04 VBOX   VBOXFACP 00000001 ASL  00006)
[   000000ACI: DDT0x000000FF0470 021 (02VB  VBOXOS000002NT 20105)
[  0.00000] ACPI: FACS 0x000003FF00 0000
[    0.0000AC: FACS x000003FFF00000040   0.0000]ACPIAPC 0x00000003FF0240 00005C (v0 VBOX  VBOXAPIC000001 ASL  00000061)
[    0.000000 ACPISSDT 0000003FF2A 0001CC (v01 VBOX  BOCPUT00000002 INTL 201028
[    0.000000] 131MB HIGHMEM available.
[    00000] 8MB OWME aaiable.
[   .0000   pp low am0  37bfe00    00000]   lw m:0 37e000[   0.000]kvm-clo: singms 4b56401 an 4b564d0
[  0.00000kvm-loc: cpu , r 0:37bf01 primy cpu clock
[   .00000 kvmclck: usin sed ofseof 3917442298 cycles
[    0.0000]closoce: kv-cck mas: xfffffffffff m_cyces: 0xd4e4dff max_ilens: 88159059183ns
[    0.000] Zonrages:
[  .0000  DMA    em 0x0000000000x000000fffff][    0.00000] Noma  mem 0x00000000000x0000037bfff
[   0.00000]   HighMem  [mem 0x0000000037bfe000-0x000000003ffeffff]
   0.00000 Mvable zone start or each ode
[    .000] Eay emory node ranges
[    0.000000]   node   0: [mem 0x0000000000001000-0x000000000009efff]
[    0.000]   node   0: [me0x00000000100-000000ffeff][    000000] Initemetp no 0mem x0000000010-0x00003ffeffff]
[    0.000000] Using APIC driver default
[    0.000] ACPI PTimer IO Port: 0x4008
[    0.000000] IOAPIC[0]:ap_id , veio 32, ddss0xf0000, GSI 0-23
   00000] PI: NTRCOVR (s  buir0 globalirq 2df dfl)
[  .00000] ACPI: INT_RCOV(b 0 bs_q  gloalrq9 low ve)
[  0.000000Usng ACPI (MADT) for SMP configuration information
[    0.000000] smpboot: Allowing 2 CPUs, 0 hotplug CPUs
[   000000]M:Regsted nose mory [em 00000000-0x00000ff
    00000] PM: Registered nosave memy:mem 0x0009000x0009fff
[   .0000]M:egisrenosae mor: [mm 0x00a000-000effff]
[    0.000000] PM: Registered nosave memory: [mem 0x000f0000-0x000fffff]
[    0.000000] e820: [mem 0x40000000-0xfebfffff] available for PCI devices[  00000 Botin prairtuizd keneon K
    0.000] clckurcerened-jifis:mak: 0fffff x_cles: 0xfffff,axdle_: 4551960256 ns[    .00000seup_prc: NRCPS: nr_puas_bit8 r_cp_i:2 nr_deids:
   0.000] PEPUEmbede19page/cu f76b0000 s746 r0 d3088 u77824[   0.00] PVqsnlck hshabe enie: 512 (oer0, 409 bte)
[   .00000 Blt 1 zoelts i Ze orde mbitygrouing on  otalags:2580
[   0000] erne cmad lin: OOIMAG=/otvmliuz.40-11-gneic rotABEL=cudmg-rotfs ro console=tty1 console=ttyS0
[    0.000000] PID hash table entries: 4096 (order: 2, 634 byes
[    00000] Detrycache ash ablenries1372 (oer 7, 2488byte)[    00000] od-cace sh tblentrs:65536 rder: , 2144 bes)
[    0.0000]Initiaizg CPU#
   0.000] IniaizinHihMemorode 0 (003bf0003f0
[  0.0000] nialzingovle f nde0 (00000:00000)
[  0.0000 Mmoy: 112060K/048120 aailable (8007K kernel code, 781K rwdata, 3172K odata, 98Kinit80K ss, 60K reserved, 0 cmareerve, 512K hghm)
[  .00000viual keelemorlaut:[  0000000  fixmp : fff100- xffff00   936B)[    0.000]    ma  : xf00000  0xfe0000  2048B)
[  0.00000]  malloc : 0f8e00 - 0xffe00  ( 0 B)
  0.0000   lowem: xc0000000 - 0xf7bfe00 (891 )[   .0000]    .iit :0x1b2000 - 01c000  (48 k)
   000000]     .data : c17d2134 - 0xc1bb0780   (3961 kB)
[  0.0000]    .text  0100000 0x7d21  8008 kB)
[  00000 Cckinifhis ocsor onrsthe Wbieveninuprvis me...Ok.[   0.000]SLB:Waign=64Order=0-3, MinObjects=0, CPUs=2, Node=1
  0.0000] erarchicalRC implmentti.
[  0000] uildti ajusten o leafaut t 3
    .000] 	RU stictig Usfr N_CPUS=8 o r_cpid=2.   0.00000 RU: Adjstinggeetryforc_fanoulef=32 ncp_ids=2
[    0.000000] NR_IRQS:234 n__rqs440 16
  0.0000] onle: olr GA+ 0x
    .000] nse [tty] abed
[  .0000]onso [ttS0] abd
[    0.000] allcad 1057 byt o pagex
[    0.000000] tsc: Detected 2904.000 MHz processor
[   28.530218] Calibrating delay loop (skipped) preset value.. 5808.00 BogoMIPS (lpj=11616000)
[   28.706988] pid_max: default: 32768 minimum: 301
[   28.814857] ACPI: Core revision 20150930
[   28.923044] ACPI: 2 ACPI AML tables successfully acquired and loaded
[   28.955452] Security Framework initialized
[   28.956199] Yama: becoming mindful.
[   29.036360] AppArmor: AppArmor initialized
[   29.131102] Mount-cache hash table entries: 2048 (order: 1, 8192 bytes)
[   29.258340] Mountpoint-cache hash table entries: 2048 (order: 1, 8192 bytes)
[   29.432500] Initializing cgroup subsys io
[   29.512463] Initializing cgroup subsys memory
[   29.618935] Initializing cgroup subsys devices
[   29.718659] Initializing cgroup subsys freezer
[   29.814820] Initializing cgroup subsys net_cls
[   29.946944] Initializing cgroup subsys perf_event
[   30.057467] Initializing cgroup subsys net_prio
[   30.160849] Initializing cgroup subsys hugetlb
[   30.247610] Initializing cgroup subsys pids
[   30.335338] CPU: Physical Processor ID: 0
[   30.435049] CPU: Processor Core ID: 0
[   30.526636] FEATURE SPEC_CTRL Not Present
[   30.627785] mce: CPU supports 0 MCE banks
[   30.727085] Last level iTLB entries: 4KB 64, 2MB 8, 4MB 8
[   30.843137] Last level dTLB entries: 4KB 64, 2MB 0, 4MB 0, 1GB 4
[   30.957816] Spectre V2 mitigation: Mitigation: Full generic retpoline
[   31.086872] Spectre V2 mitigation: Speculation control IBPB not-supported IBRS not-supported
[   31.291108] Freeing SMP alternatives memory: 28K
[   31.415652] ftrace: allocating 31457 entries in 62 pages
[   31.598039] smpboot: APIC(0) Converting physical 0 to logical package 0
[   31.744651] smpboot: Max logical packages: 1
[   31.815537] Enabling APIC mode:  Flat.  Using 1 I/O APICs
[   31.940211] ..TIMER: vector=0x30 apic1=0 pin1=2 apic2=-1 pin2=-1
[   32.122354] smpboot: CPU0: Intel(R) Core(TM) i7-7820HQ CPU @ 2.90GHz (family: 0x6, model: 0x9e, stepping: 0x9)
[   32.342788] Performance Events: unsupported p6 CPU model 158 no PMU driver, software events only.
[   32.543559] KVM setup paravirtual spinlock
[   32.653254] x86: Booting SMP configuration:
[   32.745514] .... node  #0, CPUs:      #1
[1266874885.792109] Initializing CPU#1
[   32.868412] kvm-clock: cpu 1, msr 0:37bfd041, secondary cpu clock
[   32.998513] mce: CPU supports 0 MCE banks
[   33.028355] x86: Booted up 1 node, 2 CPUs
[   33.063080] smpboot: Total of 2 processors activated (11616.00 BogoMIPS)
[   33.226615] devtmpfs: initialized
[   33.268934] evm: security.selinux
[   33.328765] evm: security.SMACK64
[   33.387854] evm: security.SMACK64EXEC
[   33.424819] evm: security.SMACK64TRANSMUTE
[   33.506413] evm: security.SMACK64MMAP
[   33.583684] evm: security.ima
[   33.648796] evm: security.capability
[   33.714013] clocksource: jiffies: mask: 0xffffffff max_cycles: 0xffffffff, max_idle_ns: 7645041785100000 ns
[   33.919927] futex hash table entries: 512 (order: 3, 32768 bytes)
[   33.977005] pinctrl core: initialized pinctrl subsystem
[   34.105343] RTC time:  8:35:04, date: 03/14/18
[   34.172485] NET: Registered protocol family 16
[   34.205121] EISA bus registered
[   34.227903] cpuidle: using governor ladder
[   34.271891] cpuidle: using governor menu
[   34.296436] PCCT header not found.
[   34.317358] ACPI: bus type PCI registered
[   34.359918] acpiphp: ACPI Hot Plug PCI Controller Driver version: 0.5
[   34.399559] PCI : PCI BIOS area is rw and x. Use pci=nobios if you want it NX.
[   34.461711] PCI: PCI BIOS revision 2.10 entry at 0xfda26, last bus=0
[   34.512034] PCI: Using configuration type 1 for base access
[   34.549086] ACPI: Added _OSI(Module Device)
[   34.596060] ACPI: Added _OSI(Processor Device)
[   34.684202] ACPI: Added _OSI(3.0 _SCP Extensions)
[   34.785479] ACPI: Added _OSI(Processor Aggregator Device)
[   34.891558] ACPI: Executed 1 blocks of module-level executable AML code
[   35.007186] ACPI: Interpreter enabled
[   35.095235] ACPI: (supports S0 S5)
[   35.172240] ACPI: Using IOAPIC for interrupt routing
[   35.256894] PCI: Using host bridge windows from ACPI; if necessary, use "pci=nocrs" and report a bug
[   35.352718] ACPI: PCI Root Bridge [PCI0] (domain 0000 [bus 00-ff])
[   35.463210] acpi PNP0A03:00: _OSC: OS supports [ASPM ClockPM Segments MSI]
[   35.585839] acpi PNP0A03:00: _OSC: not requesting OS control; OS requires [ExtendedConfig ASPM ClockPM MSI]
[   35.747635] acpi PNP0A03:00: fail to add MMCONFIG information, can't access extended PCI configuration space under this bridge.
[   35.941009] PCI host bridge to bus 0000:00
[   36.023296] pci_bus 0000:00: root bus resource [io  0x0000-0x0cf7 window]
[   36.133479] pci_bus 0000:00: root bus resource [io  0x0d00-0xffff window]
[   36.243618] pci_bus 0000:00: root bus resource [mem 0x000a0000-0x000bffff window]
[   36.318126] pci_bus 0000:00: root bus resource [mem 0x40000000-0xfdffffff window]
[   36.397245] pci_bus 0000:00: root bus resource [bus 00-ff]
[   36.440977] pci 0000:00:01.1: legacy IDE quirk: reg 0x10: [io  0x01f0-0x01f7]
[   36.517707] pci 0000:00:01.1: legacy IDE quirk: reg 0x14: [io  0x03f6]
[   36.593945] pci 0000:00:01.1: legacy IDE quirk: reg 0x18: [io  0x0170-0x0177]
[   36.621465] pci 0000:00:01.1: legacy IDE quirk: reg 0x1c: [io  0x0376]
[   36.742341] pci 0000:00:07.0: quirk: [io  0x4000-0x403f] claimed by PIIX4 ACPI
[   36.822973] pci 0000:00:07.0: quirk: [io  0x4100-0x410f] claimed by PIIX4 SMB
[   36.915214] ACPI: PCI Interrupt Link [LNKA] (IRQs 5 9 10 *11)
[   36.999067] ACPI: PCI Interrupt Link [LNKB] (IRQs 5 9 *10 11)
[   37.033162] ACPI: PCI Interrupt Link [LNKC] (IRQs 5 *9 10 11)
[   37.101674] ACPI: PCI Interrupt Link [LNKD] (IRQs 5 9 10 *11)
[   37.202684] ACPI: Enabled 2 GPEs in block 00 to 07
[   37.261376] vgaarb: setting as boot device: PCI:0000:00:02.0
[   37.321290] vgaarb: device added: PCI:0000:00:02.0,decodes=io+mem,owns=io+mem,locks=none
[   37.335631] vgaarb: loaded
[   37.341856] vgaarb: bridge control possible 0000:00:02.0
[   37.376671] SCSI subsystem initialized
[   37.421512] ACPI: bus type USB registered
[   37.456089] usbcore: registered new interface driver usbfs
[   37.492740] usbcore: registered new interface driver hub
[   37.523165] usbcore: registered new device driver usb
[   37.536114] PCI: Using ACPI for IRQ routing
[   37.555315] NetLabel: Initializing
[   37.573230] NetLabel:  domain hash size = 128
[   37.590424] NetLabel:  protocols = UNLABELED CIPSOv4
[   37.603423] NetLabel:  unlabeled traffic allowed by default
[   37.630147] amd_nb: Cannot enumerate AMD northbridges
[   37.655342] clocksource: Switched to clocksource kvm-clock
[   37.748814] AppArmor: ApAmo FilesteEnle
[  38.813]pn P AI it[ 38083]npPnACI:oud  dvis[   9.0607] PnPBIOS: Disabled by ACPI PNP

[ 392003clckure: acpi_m:as: ffffmaxcyles:0xff, axide_s: 28510 n
[  42422 NT:egistered protocol faly2

[   40.580776] TCP established hash table entris:81 (de:  376 bte
  41.009163] CPin hash table entries: 8192 (order: 4, 65536 yt)[   .367062] TCP: Hash tbl configured (esblished 8192 bid 19)
[   41.687797] UDP hash tablenties 52 (oer2,63 byes)[  4.043 UP-teastae trs:12orr:, 38bys)[ 43.0313 NT:Restre ptol miy 
[ 43727]ci00:0000:imtingdirect PCI/PCI transfers
[   445700 pci 0000:00:01.0: Activating ISA DMA hang workarouds
[ 42587Unckg itmf..
[   46.596858] Freeing initrd memory: 10800K
[   46.613668] platform rtc_cmos: registered platform RTC device (no PNP device found)
[   46.688212] Scanning for low memory corruption every 60 seconds
[   46.802093] audit: initializing netlink subsys (disabled)
[   46.866630] audit: type=2000 audit(1521016485.632:1): initialized
[   46.966385] Initialise system trusted keyring
[   47.036578] HugeTLB registered 2 MB page size, pre-allocated 0 pages
[   47.046106] zbud: loaded
[   47.119671] VFS: Disk quotas dquot_6.6.0
[   47.138293] VFS: Dquot-cache hash table entries: 1024 (order 0, 4096 bytes)
[   47.157861] squashfs: version 4.0 (2009/01/31) Phillip Lougher
[   47.210849] fuse init (API version 7.23)
[   47.217702] Key type big_key registered
[   47.221631] Allocating IMA MOK and blacklist keyrings.
[   47.264340] Key type asymmetric registered
[   47.355531] Asymmetric key parser 'x509' registered
[   47.448078] bounce: pool size: 64 pages
[   47.514639] Block layer SCSI generic (bsg) driver version 0.4 loaded (major 249)
[   47.661886] tsc: Refined TSC clocksource calibration: 2903.961 MHz
[   47.668258] io scheduler noop registered
ÿ[   47.668260] io scheduler deadline registered (default)
[   47.668301] io scheduler cfq registered
[   47.668392] pci_hotplug: PCI Hot Plug PCI Core version: 0.5
[   47.668396] pciehp: PCI Express Hot Plug Controller Driver version: 0.4
[   47.668679] ACPI: AC Adapter [AC] (on-line)
[   47.668723] input: Power Button as /devices/LNXSYSTM:00/LNXPWRBN:00/input/input0
[   47.668725] ACPI: Power Button [PWRF]
[   47.668779] input: Sleep Button as /devices/LNXSYSTM:00/LNXSLPBN:00/input/input1
[   47.668781] ACPI: Sleep Button [SLPF]
[   47.668894] GHES: HEST is not enabled!
[   47.724938] ACPI: Battery Slot [BAT0] (battery present)
[   47.724979] isapnp: Scanning for PnP cards...
[   47.730833] Serial: 8250/16550 driver, 32 ports, IRQ sharing enabled
[   47.772905] 00:02: ttyS0 at I/O 0x3f8 (irq = 4, base_baud = 115200) is a 16550A
[   47.994146] Linux agpgart interface v0.103
[   48.207651] clocksource: tsc: mask: 0xffffffffffffffff max_cycles: 0x29dbe0adc5d, max_idle_ns: 440795226840 ns
[   48.240459] loop: module loaded
[   48.252177] scsi host0: ata_piix
[   48.256828] scsi host1: ata_piix
[   48.283304] ata1: PATA max UDMA/33 cmd 0x1f0 ctl 0x3f6 bmdma 0xd000 irq 14
[   48.311567] isapnp: No Plug & Play device found
[   48.485496] ata2: PATA max UDMA/33 cmd 0x170 ctl 0x376 bmdma 0xd008 irq 15
[   48.565613] libphy: Fixed MDIO Bus: probed
[   48.594739] tun: Universal TUN/TAP device driver, 1.6
[   48.616635] tun: (C) 1999-2004 Max Krasnyansky <maxk@qualcomm.com>
[   48.692056] PPP generic driver version 2.4.2
[   48.734424] ehci_hcd: USB 2.0 'Enhanced' Host Controller (EHCI) Driver
[   48.804330] ehci-pci: EHCI PCI platform driver
[   48.827881] ehci-platform: EHCI generic platform driver
[   48.860839] ohci_hcd: USB 1.1 'Open' Host Controller (OHCI) Driver
[   48.886708] ohci-pci: OHCI PCI platform driver
[   48.920183] ohci-platform: OHCI generic platform driver
[   48.981176] uhci_hcd: USB Universal Host Controller Interface driver
[   49.061386] i8042: PNP: PS/2 Controller [PNP0303:PS2K,PNP0f03:PS2M] at 0x60,0x64 irq 1,12
[   49.132371] serio: i8042 KBD port at 0x60,0x64 irq 1
[   49.152354] serio: i8042 AUX port at 0x60,0x64 irq 12
[   49.173962] mousedev: PS/2 mouse device common for all mice
[   49.202025] input: AT Translated Set 2 keyboard as /devices/platform/i8042/serio0/input/input2
[   49.232500] rtc_cmos rtc_cmos: rtc core: registered rtc_cmos as rtc0
[   49.305444] rtc_cmos rtc_cmos: alarms up to one day, 114 bytes nvram
[   49.427720] i2c /dev entries driver
[   49.483075] device-mapper: uevent: version 1.0.3
[   49.571154] device-mapper: ioctl: 4.34.0-ioctl (2015-10-28) initialised: dm-devel@redhat.com
[   49.660284] platform eisa.0: Probing EISA bus 0
[   .786] atrmei.0: IS Cnnt allocae soceoraioa
[ 5032599]lafom sa: ant loatreourcfoEI sot1
[  51283]laoreia.0:Caotllca rour f EA ot2
[   .051] plformeisa.: nn aoce sorcfor ISsl 3
[   .755 ptfrmeisa.0 Cnnot aloteesourc f EISA slot 4
[  5.3913] laoreia.0:Caotalcae reoue r SAlo 5
[   54809]platformeisa0:ant loteesrce r SAlo6
[  .8269]pltform eisa.0: Cannot allocate resourcefo ESA slot 7
[   55.232848] pltfrmisa.0: Cannot allocate resourc f ESA slot8[  55.54725] platorm esa.0: EISA Dette 0 cards

[   55.833430] cpufreq-nforce2: No nForce2 chipset.
[   55.834629] ledtrig-cpu: registered to indicate activity on CPUs
[   55.836483] NET: Registered protocol family 10
[   5.4466NE: egistered proocol family 17
[   56.074780] Key type dns_resolver registered
[   6.6067] microcode: CPU0 sig=0x906e9, pf=2,reisin=0x0

[   56.407018] microcode: CPU1 sig=0x906e9, pf=0x2, revision=0x0
[   56.409664] microcode: Microcode Update Driver: v2.01 <tigran@aivazian.fsnet.co.uk>, Peter Oruba
[   56.477478] Using IPI No-Shortcut mode
[   56.533427] regisred taskstats version 1
[   56.6298]oain cmpedinX.9 cerificate

[   7.3499] Loed.5 ct Bud im atogeerederl y:ffaf82e337d180107f24c39902'

[   582938zsp:oad singoolzzb
[   58.817666] Key type trusted registered
[   58.890484] Key type encrypted registered
[   58.945630] AppArmor: AppArmor sha1 policy hashing enabled
[   58.983999] ima: No TPM chip found, activating TPM-bypass!
[   59.069297] evm: HMAC attrs: 0x1
[ 5914943]   Magicnube: 1:9:53
[  59.702]rtc_cmort_cmos: setting system clocto 2018-03-14 08:35:29 TC 151016529)

[   9.850218] BIOS EDD facilityv0.16 2004-Jun-25,0 devices found

[   5.934736] ED inormtin not vailable.

[   60.138118] Freeing unused kernel memory: 948K
[   60.809276] Write protecting the kernel text: 8012k
[   61.221770] Write protecting the kernel read-only data: 3176k
[   61.285045] NX-protecting the kernel data: 6324k
Loading, please wait...
[   61.312700] random: systemd-udevd: uninitialized urandom read (16 bytes read, 6 bits of entropy available)
starting version[   61.313377] random: udevadm: uninitialized urandom read (16 bytes read, 6 bits of entropy available)
 229
[   61.325165] random: udevadm: uninitialized urandom read (16 bytes read, 6 bits of entropy available)
[   61.325213] random: udevadm: uninitialized urandom read (16 bytes read, 6 bits of entropy available)
[   61.325362] random: udevadm: uninitialized urandom read (16 bytes read, 6 bits of entropy available)
[   61.325416] random: udevadm: uninitialized urandom read (16 bytes read, 6 bits of entropy available)
[   61.325468] random: udevadm: uninitialized urandom read (16 bytes read, 6 bits of entropy available)
[   61.325526] random: udevadm: uninitialized urandom read (16 bytes read, 6 bits of entropy available)
[   61.325582] random: udevadm: uninitialized urandom read (16 bytes read, 6 bits of entropy available)
[   61.325644] random: udevadm: uninitialized urandom read (16 bytes read, 6 bits of entropy available)
[   61.954554] e1000: Intel(R) PRO/1000 Network Driver - version 7.3.21-k8-NAPI
[   61.982008] e1000: Copyright (c) 1999-2006 Intel Corporation.
[   62.060107] Fusion MPT base driver 3.04.20
[   62.137115] Copyright (c) 1999-2008 LSI Corporation
[   62.187204] Fusion MPT SPI Host driver 3.04.20
[   62.275983] input: ImExPS/2 Generic Explorer Mouse as /devices/platform/i8042/serio1/input/input4
[   62.583457] e1000 0000:00:03.0 eth0: (PCI:33MHz:32-bit) 02:f5:4c:a9:21:74
[   62.616727] e1000 0000:00:03.0 eth0: Intel(R) PRO/1000 Network Connection
[   62.653668] mptbase: ioc0: Initiating bringup
[   62.747669] ioc0: LSI53C1030 A0: Capabilities={Initiator}
[   62.957613] scsi host2: ioc0: LSI53C1030 A0, FwRev=00000000h, Ports=1, MaxQ=256, IRQ=20
[   63.223977] scsi 2:0:0:0: Direct-Access     VBOX     HARDDISK         1.0  PQ: 0 ANSI: 5
[   63.295527] scsi target2:0:0: Beginning Domain Validation
[   63.338695] scsi target2:0:0: Domain Validation skipping write tests
[   63.410575] scsi target2:0:0: Ending Domain Validation
[   63.468656] scsi target2:0:0: asynchronous
[   63.471665] scsi 2:0:1:0: Direct-Access     VBOX     HARDDISK         1.0  PQ: 0 ANSI: 5
[   63.491901] scsi target2:0:1: Beginning Domain Validation
[   63.524823] scsi target2:0:1: Domain Validation skipping write tests
[   63.596943] scsi target2:0:1: Ending Domain Validation
[   63.631439] scsi target2:0:1: asynchronous
[   63.632785] e1000 0000:00:08.0 eth1: (PCI:33MHz:32-bit) 08:00:27:39:26:d9
[   63.632788] e1000 0000:00:08.0 eth1: Intel(R) PRO/1000 Network Connection
[   63.694007] e1000 0000:00:08.0 enp0s8: renamed from eth1
[   63.707412] sd 2:0:0:0: [sda] 20971520 512-byte logical blocks: (10.7 GB/10.0 GiB)
[   63.740068] sd 2:0:0:0: Attached scsi generic sg0 type 0
[   63.740143] e1000 0000:00:03.0 enp0s3: renamed from eth0
[   63.740451] sd 2:0:0:0: [sda] Write Protect is off
[   63.740573] sd 2:0:0:0: [sda] Incomplete mode parameter data
[   63.740575] sd 2:0:0:0: [sda] Assuming drive cache: write through
[   63.809279]  sda: sda1
[   63.810087] sd 2:0:0:0: [sda] Attached SCSI disk
[   64.090689] sd 2:0:1:0: [sdb] 20480 512-byte logical blocks: (10.5 MB/10.0 MiB)
[   64.131880] sd 2:0:1:0: Attached scsi generic sg1 type 0
[   64.144711] sd 2:0:1:0: [sdb] Write Protect is off
[   64.166105] sd 2:0:1:0: [sdb] Incomplete mode parameter data
[   64.206665] sd 2:0:1:0: [sdb] Assuming drive cache: write through
[   64.219563] sd 2:0:1:0: [sdb] Attached SCSI disk
[   64.984008] floppy0: no floppy controllers found
Begin: Loading essential drivers[   67.072143] md: linear personality registered for level -1
 ... [   67.137368] md: multipath personality registered for level -4
[   67.174669] md: raid0 personality registered for level 0
[   67.198407] md: raid1 personality registered for level 1
[   67.291650] raid6: mmxx1    gen()  3511 MB/s
[   67.367454] raid6: mmxx2    gen()  4131 MB/s
[   67.451423] raid6: sse1x1   gen()  3066 MB/s
[   67.531542] raid6: sse1x2   gen()  3345 MB/s
[   67.603929] raid6: sse2x1   gen()  4040 MB/s
[   67.679506] raid6: sse2x1   xor()  4014 MB/s
[   67.759446] raid6: sse2x2   gen()  8499 MB/s
[   67.851409] raid6: sse2x2   xor()  7931 MB/s
[   67.951768] raid6: avx2x1   gen() 14065 MB/s
[   68.043619] raid6: avx2x2   gen() 16809 MB/s
[   68.053850] raid6: using algorithm avx2x2 gen() 16809 MB/s
[   68.085962] raid6: using avx2x1 recovery algorithm
[   68.114687] xor: automatically using best checksumming function:
[   68.235230]    avx       : 21742.000 MB/sec
[   68.270905] async_tx: api initialized (async)
[   68.332460] md: raid6 personality registered for level 6
[   68.348888] md: raid5 personality registered for level 5
[   68.375082] md: raid4 personality registered for level 4
[   68.423813] md: raid10 personality registered for level 10
done.
Begin: Running /scripts/init-premount ... done.
Begin: Mounting root file system ... Begin: Running /scripts/local-top ... done.
Begin: Runn[   68.546674] Btrfs loaded
ing /scripts/local-premount ... Scanning for Btrfs filesystems
done.
Warning: fsck no[   68.638539] EXT4-fs (sda1): mounted filesystem with ordered data mode. Opts: (null)
t present, so skipping root file system
done.
Begin: Running /scripts/local-bottom ... done.
Begin: Running /scripts/init-bottom ... done.
[   68.829451] systemd[1]: systemd 229 running in system mode. (+PAM +AUDIT +SELINUX +IMA +APPARMOR +SMACK +SYSVINIT +UTMP +LIBCRYPTSETUP +GCRYPT +GNUTLS +ACL +XZ -LZ4 +SECCOMP +BLKID +ELFUTILS +KMOD -IDN)
[   68.973825] systemd[1]: Detected virtualization oracle.
[   69.013786] systemd[1]: Detected architecture x86.

Welcome to [1mUbuntu 16.04.4 LTS[0m!

[   6.076483] systemd[1]: Set hostname to <ubuntu-enial>.
[   69.349301] systemd[1]: Listening on Journal Audit Socket.
[[0;32m  OK  [0m] Listening on Journal Audit Socket.
[   6940768] sysemd[1]: Listening on udev KerneSoket.

[[0;32m  OK  [0m] Listening on udev Kernel Socket.
[   69.620047] systemd[1]: Reached target User and Group Name Lookups.
[[0;32m  OK  [0m] Reached target User and Group Name Lookups.
[  69.671172] systed[1]: Listeni oud Control Socket.

[[0;32m  OK  [0m] Listening on udev Control Socket.
[  69.9846] systemd[1] Ltening on JournalSocet(/dev/log).
[[0;32m  OK  [0m] Listening on Journal Socket (/dev/log).
[ 703877 stemd1]Stte Frwd ssrdRequess to Wl reorWach
[[0;32m  OK  [0m] Started Forward Password Requests to Wall Directory Watch.
[ 71929]sytemd1]Seuputou Aitrary Exectale Fie rmts Fe Sst Aomntoint.

[   72.534481] random: nonblocking pool is initialized
[[0;32m  OK  [0m] Set up automount Arbitrary Executab...ats File System Automount Point.
[   72.635719] systemd1]: Reachd target Sp.

[[0;32m  OK  [0m] Reached target Swap.
[ 726003] ysemd[: Listeni on Journal Socket.
[[0;32m  OK  [0m] Listening on Journal Socket.
[   73.271723] systemd[1]: Reached target Encrypted Volume

[[0;32m  OK  [0m] Reached target Encrypted Volumes.
[  73558syted[]: Listeing n VMmeda demn ckt.
[[0;32m  OK  [0m] Listening on LVM2 metadata daemon socket.
[   7405647] systemd[1]: Started Triger resolvcnf update for netword S.
[[0;32m  OK  [0m] Started Trigger resolvconf update for networkd DNS.
[ 74966]ysemd[1]: rete sce SyteSle.

[[0;32m  OK  [0m] Created slice System Slice.
[   74.939739] systemd[1]: Mounting POSIX Message Queue File System...
         Mounting POSIX Message Queue File System...
[   75.076483] systemd[1]: Starting Uncomplicated firewall...
         Starting Uncomplicated firewall...
[   75.211553] systemd[1]: Mounting Huge Pages File System...
         Mounting Huge Pages File System...
[   75.307894] systemd[1]: Starting Nameserver information manager...
         Starting Nameserver information manager...
[   75.363567] systemd[1]: Starting Load Kernel Modules...
[   75.397683] Loading iSCSI transport class v2.0-870.
         Starting Load Kernel Modules...
[   75.417612] systemd[1]: Starting Create list of required static device nodes for the current kernel...
         Startin[   75.485162] iscsi: registered transport (tcp)
g Create list of required st... nodes for the current kernel...
[   76.119014] systemd[1]: Mounting Debug File System...
         Mounting Debug File System...
[   76.162902] iscsi: registered transport (iser)
[   77.352340] systemd[1]: Starting Remount Root and Kernel File Systems...
         [   77.447423] EXT4-fs (sda1): re-mounted. Opts: (null)
Starting Remount Root and Kernel File Systems...
[   77.542582] systemd[1]: Listening on Device-mapper event daemon FIFOs.
[[0;32m  OK  [0m] Listening on Device-mapper event daemon FIFOs.
[   77.580289] systemd[1]: Created slice system-serial\x2dgetty.slice.
[[0;32m  OK  [0m] Created slice system-serial\x2dgetty.slice.
[   77.631736] systemd[1]: Listening on /dev/initctl Compatibility Named Pipe.
[[0;32m  OK  [0m] Listening on /dev/initctl Compatibility Named Pipe.
[   77.779591] systemd[1]: Starting Monitoring of LVM2 mirrors, snapshots etc. using dmeventd or progress polling...
         Starting Monitoring of LVM2 mirrors... dmeventd or progress polling...
[   77.959920] systemd[1]: Created slice User and Session Slice.
[[0;32m  OK  [0m] Created slice User and Session Slice.
[   78.128432] systemd[1]: Reached target Slices.
[[0;32m  OK  [0m] Reached target Slices.
[   78.204105] systemd[1]: Starting Set console keymap...
         Starting Set console keymap...
[   78.287869] systemd[1]: Listening on LVM2 poll daemon socket.
[[0;32m  OK  [0m] Listening on LVM2 poll daemon socket.
[   78.385155] systemd[1]: Listening on Syslog Socket.
[[0;32m  OK  [0m] Listening on Syslog Socket.
[   78.471777] systemd[1]: Starting Journal Service...
         Starting Journal Service...
[   78.540567] systemd[1]: Mounted Huge Pages File System.
[[0;32m  OK  [0m] Mounted Huge Pages File System.
[   78.615720] systemd[1]: Mounted POSIX Message Queue File System.
[[0;32m  OK  [0m] Mounted POSIX Message Queue File System.
[   78.747713] systemd[1]: Mounted Debug File System.
[[0;32m  OK  [0m] Mounted Debug File System.
[   78.815889] systemd[1]: Started Journal Service.
[[0;32m  OK  [0m] Started Journal Service.
[[0;32m  OK  [0m] Started Uncomplicated firewall.
[[0;32m  OK  [0m] Started Load Kernel Modules.
[[0;32m  OK  [0m] Started Create list of required sta...ce nodes for the current kernel.
[[0;32m  OK  [0m] Started Remount Root and Kernel File Systems.
[[0;32m  OK  [0m] Started Set console keymap.
[[0;32m  OK  [0m] Started Nameserver information manager.
[[0;32m  OK  [0m] Started LVM2 metadata daemon.
         Starting Load/Save Random Seed...
         Starting udev Coldplug all Devices...
         Starting Initial cloud-init job (pre-networking)...
         Starting Create Static Device Nodes in /dev...
         Starting Apply Kernel Variables...
         Mounting FUSE Control File System...
         Starting Flush Journal to Persistent Storage...
[[0;32m  OK  [0m] Mounted FUSE Control File System.
[[0;32m  OK  [0m] Started Monitoring of LVM2 mirrors,...ng dmeventd or progress polling.
[[0;32m  OK  [0m] Started Load/Save Random Seed.
[[0;32m  OK  [0m] Started Create Static Device Nodes in /dev.
[[0;32m  OK  [0m] Started Apply Kernel Variables.
[[0;32m  OK  [0m] Started udev Coldplug all Devices.
[[0;32m  OK  [0m] Started Flush Journal to Persistent Storage.
         Starting udev Kernel Device Manager...
[[0;32m  OK  [0m] Started udev Kernel Device Manager.
[[0;32m  OK  [0m] Reached target Local File Systems (Pre).
[[0;32m  OK  [0m] Reached target Local File Systems.
         Starting LSB: AppArmor initialization...
         Starting Set console font and keymap...
         Starting Tell Plymouth To Write Out Runtime Data...
         Starting Create Volatile Files and Directories...
[[0;32m  OK  [0m] Started Dispatch Password Requests to Console Directory Watch.
[[0;32m  OK  [0m] Started Tell Plymouth To Write Out Runtime Data.
[   43.622945] cloud-init[444]: Cloud-init v. 17.2 running 'init-local' at Wed, 14 Mar 2018 08:35:50 +0000. Up 43.21 seconds.
[[0;32m  OK  [0m] Started Create Volatile Files and Directories.
[[0;32m  OK  [0m] Started Initial cloud-init job (pre-networking).
[[0;32m  OK  [0m] Found device /dev/ttyS0.
[[0;32m  OK  [0m] Listening on Load/Save RF Kill Switch Status /dev/rfkill Watch.
[[0;32m  OK  [0m] Reached target Network (Pre).
[[0;32m  OK  [0m] Reached target System Time Synchronized.
         Starting Update UTMP about System Boot/Shutdown...
[[0;32m  OK  [0m] Started LSB: AppArmor initialization.
[[0;32m  OK  [0m] Started Set console font and keymap.
[[0;32m  OK  [0m] Found device 82540EM Gigabit Ethern...r (PRO/1000 MT Desktop Adapter).
[[0;32m  OK  [0m] Found device 82540EM Gigabit Ethern...r (PRO/1000 MT Desktop Adapter).
[[0;32m  OK  [0m] Created slice system-getty.slice.
[[0;32m  OK  [0m] Started ifup for enp0s8.
[[0;32m  OK  [0m] Started ifup for enp0s3.
         Starting Raise network interfaces...
[[0;32m  OK  [0m] Started Update UTMP about System Boot/Shutdown.
[[0;32m  OK  [0m] Started Raise network interfaces.
[[0;32m  OK  [0m] Reached target Network.
         Starting Initial cloud-init job (metadata service crawler)...
[   47.299425] cloud-init[1074]: Cloud-init v. 17.2 running 'init' at Wed, 14 Mar 2018 08:35:53 +0000. Up 46.86 seconds.
[[0;32m  OK  [0m] Started Initial cloud-init job (metadata service crawler).
[   47.510530] cloud-init[1074]: ci-info: ++++++++++++++++++++++++++++++++++++++Net device info++++++++++++++++++++++++++++++++++++++
[   47.752535] cloud-init[1074]: ci-info: +--------+------+-----------------------------+---------------+-------+-------------------+
[   47.844611] cloud-init[1074]: ci-info: | Device |  Up  |           Address           |      Mask     | Scope |     Hw-Address    |
[   47.980543] cloud-init[1074]: ci-info: +--------+------+-----------------------------+---------------+-------+-------------------+
[   48.060425] cloud-init[1074]: ci-info: | enp0s3 | True |          10.0.2.15          | 255.255.255.0 |   .   | 02:f5:4c:a9:21:74 |
[   48.124781] cloud-init[1074]: ci-info: | enp0s3 | True |  fe80::f5:4cff:fea9:2174/64 |       .       |  link | 02:f5:4c:a9:21:74 |
[   48.236889] cloud-init[1074]: ci-info: | enp0s8 | True |         192.168.1.21        | 255.255.255.0 |   .   | 08:00:27:39:26:d9 |
[   48.344691] cloud-init[1074]: ci-info: | enp0s8 | True | fe80::a00:27ff:fe39:26d9/64 |       .       |  link | 08:00:27:39:26:d9 |
[   48.412453] cloud-init[1074]: ci-info: |   lo   | True |          127.0.0.1          |   255.0.0.0   |   .   |         .         |
[[0;32m  OK  [0m] Reached target Cloud-config availability.
[[0;32m  OK  [0m] Reached target System Initialization.
[[0;32m  OK  [0m] Listening on D-Bus System Message Bus Socket.
[   48.499599] cloud-init[1074]: ci-info: |   lo   | True |           ::1/128           |       .       |  host |         .         |
[   48.733833] cloud-init[1074]: ci-info: +--------+------+-----------------------------+---------------+-------+-------------------+
[   48.796808] cloud-init[1074]: ci-info: +++++++++++++++++++++++++++Route IPv4 info++++++++++++++++++++++++++++
[[0;32m  OK  [0m] Listening on ACPID Listen Socket.
[[0;32m  OK  [0m] Listening on UUID daemon activation socket.
[   48.826689] cloud-init[1074]: ci-info: +-------+-------------+----------+---------------+-----------+-------+
[   48.944578] cloud-init[1074]: ci-info: | Route | Destination | Gateway  |    Genmask    | Interface | Flags |
[   48.972536] cloud-init[1074]: ci-info: +-------+-------------+----------+---------------+-----------+-------+
[[0;32m  OK  [0m] Started ACPI Events Check.
[[0;32m  OK  [0m] Reached target Paths.
         Starting Socket activation for snappy daemon.
[   49.023740] cloud-init[1074]: ci-info: |   0   |   0.0.0.0   | 10.0.2.2 |    0.0.0.0    |   enp0s3  |   UG  |
[   49.144737] cloud-init[1074]: ci-info: |   1   |   10.0.2.0  | 0.0.0.0  | 255.255.255.0 |   enp0s3  |   U   |
[   49.212839] cloud-init[1074]: ci-info: |   2   | 192.168.1.0 | 0.0.0.0  | 255.255.255.0 |   enp0s8  |   U   |
         Starting LXD - unix socket.
[   49.277844] cloud-init[1074]: ci-info: +-------+-------------+----------+---------------+-----------+-------+
[[0;32m  OK  [0m] Started Timer to automatically refresh installed snaps.
[[0;32m  OK  [0m] Started Daily Cleanup of Temporary Directories.
[[0;32m  OK  [0m] Started Daily apt download activities.
[[0;32m  OK  [0m] Started Daily apt upgrade and clean activities.
[[0;32m  OK  [0m] Reached target Timers.
[[0;32m  OK  [0m] Reached target Network is Online.
         Starting iSCSI initiator daemon (iscsid)...
[[0;32m  OK  [0m] Listening on Socket activation for snappy daemon.
[[0;32m  OK  [0m] Listening on LXD - unix socket.
[[0;32m  OK  [0m] Started iSCSI initiator daemon (iscsid).
         Starting Login to default iSCSI targets...
[[0;32m  OK  [0m] Reached target Sockets.
[[0;32m  OK  [0m] Reached target Basic System.
[[0;32m  OK  [0m] Started Regular background program processing daemon.
[[0;32m  OK  [0m] Started ACPI event daemon.
         Starting System Logging Service...
         Starting Apply the settings specified in cloud-config...
         Starting /etc/rc.local Compatibility...
         Starting Login Service...
         Starting Accounts Service...
         Starting LXD - container startup/shutdown...
         Starting OpenBSD Secure Shell server...
[[0;32m  OK  [0m] Started Unattended Upgrades Shutdown.
[[0;32m  OK  [0m] Started D-Bus System Message Bus.
         Starting LSB: MD monitoring daemon...
[[0;32m  OK  [0m] Started Deferred execution scheduler.
[[0;32m  OK  [0m] Started FUSE filesystem for LXC.
         Starting LSB: Record successful boot for GRUB...
[   50.495391] cloud-init[1142]: Cloud-init v. 17.2 running 'modules:config' at Wed, 14 Mar 2018 08:35:57 +0000. Up 50.31 seconds.
         Starting Snappy daemon...
[[0;32m  OK  [0m] Started System Logging Service.
[[0;32m  OK  [0m] Started OpenBSD Secure Shell server.
[[0;32m  OK  [0m] Started Snappy daemon.
[[0;32m  OK  [0m] Started Apply the settings specified in cloud-config.
[[0;32m  OK  [0m] Started /etc/rc.local Compatibility.
[[0;32m  OK  [0m] Started LXD - container startup/shutdown.
[[0;32m  OK  [0m] Started Login to default iSCSI targets.
[[0;32m  OK  [0m] Started LSB: MD monitoring daemon.
[[0;32m  OK  [0m] Started LSB: Record successful boot for GRUB.
[[0;32m  OK  [0m] Started Login Service.
         Starting Authenticate and Authorize Users to Run Privileged Tasks...
[[0;32m  OK  [0m] Reached target Remote File Systems (Pre).
[[0;32m  OK  [0m] Reached target Remote File Systems.
         Starting Permit User Sessions...
         Starting LSB: daemon to balance interrupts for SMP systems...
         Starting LSB: Apache2 web server...
         Starting LSB: automatic crash report generation...
         Starting LSB: Set the CPU Frequency Scaling governor to "ondemand"...
         Starting LSB: VirtualBox Linux Additions...
[[0;32m  OK  [0m] Started Permit User Sessions.
[[0;32m  OK  [0m] Started Authenticate and Authorize Users to Run Privileged Tasks.
[[0;32m  OK  [0m] Started Accounts Service.
[[0;32m  OK  [0m] Started LSB: daemon to balance interrupts for SMP systems.
[[0;32m  OK  [0m] Started LSB: automatic crash report generation.
[[0;32m  OK  [0m] Started LSB: Set the CPU Frequency Scaling governor to "ondemand".
[[0;32m  OK  [0m] Started LSB: VirtualBox Linux Additions.
[[0;32m  OK  [0m] Created slice User Slice of vagrant.
[[0;32m  OK  [0m] Started Session 1 of user vagrant.
         Starting User Manager for UID 1000...
         Starting Terminate Plymouth Boot Screen...
         Starting Hold until boot process finishes up...
[[0;32m  OK  [0m] Started User Manager for UID 1000.
[[0;32m  OK  [0m] Started Terminate Plymouth Boot Screen.
[[0;32m  OK  [0m] Started Hold until boot process finishes up.
         Starting Set console scheme...
[[0;32m  OK  [0m] Started Serial Getty on ttyS0.
[[0;32m  OK  [0m] Started Getty on tty1.
[[0;32m  OK  [0m] Reached target Login Prompts.
[[0;32m  OK  [0m] Started Set console scheme.
[[0;32m  OK  [0m] Started LSB: Apache2 web server.
[[0;32m  OK  [0m] Reached target Multi-User System.
         Starting Execute cloud user/final scripts...
[[0;32m  OK  [0m] Reached target Graphical Interface.
         Starting Update UTMP about System Runlevel Changes...
[[0;32m  OK  [0m] Started Update UTMP about System Runlevel Changes.
[   53.819651] cloud-init[1501]: Cloud-init v. 17.2 running 'modules:final' at Wed, 14 Mar 2018 08:36:00 +0000. Up 53.63 seconds.
[   53.885683] cloud-init[1501]: Cloud-init v. 17.2 finished at Wed, 14 Mar 2018 08:36:00 +0000. Datasource DataSourceNoCloud [seed=/dev/sdb][dsmode=net].  Up 53.81 seconds
[[0;32m  OK  [0m] Started Execute cloud user/final scripts.
         Starting Daily apt download activities...
[[0;32m  OK  [0m] Reached target Cloud-init target.
[[0;32m  OK  [0m] Started Daily apt download activities.

Ubuntu 16.04.4 LTS ubuntu-xenial ttyS0

ubuntu-xenial login: 